  [1m[36m (3.7ms)[0m  [1mCREATE TABLE "schema_migrations" ("version" varchar(255) NOT NULL) [0m
  [1m[35m (0.1ms)[0m  select sqlite_version(*)
  [1m[36m (4.3ms)[0m  [1mCREATE UNIQUE INDEX "unique_schema_migrations" ON "schema_migrations" ("version")[0m
  [1m[35mActiveRecord::SchemaMigration Load (1.4ms)[0m  SELECT "schema_migrations".* FROM "schema_migrations"
Migrating to CreateBooks (20150726072620)
  [1m[36m (0.1ms)[0m  [1mbegin transaction[0m
  [1m[35m (6.2ms)[0m  CREATE TABLE "books" ("id" INTEGER PRIMARY KEY AUTOINCREMENT NOT NULL, "name" varchar(255), "published_on" date, "price" integer, "number_of_page" integer, "created_at" datetime, "updated_at" datetime) 
  [1m[36mSQL (4.1ms)[0m  [1mINSERT INTO "schema_migrations" ("version") VALUES (?)[0m  [["version", "20150726072620"]]
  [1m[35m (5.1ms)[0m  commit transaction
  [1m[36mActiveRecord::SchemaMigration Load (6.0ms)[0m  [1mSELECT "schema_migrations".* FROM "schema_migrations"[0m
  [1m[36m (0.2ms)[0m  [1mbegin transaction[0m
  [1m[35mSQL (36.0ms)[0m  INSERT INTO "books" ("created_at", "name", "price", "published_on", "updated_at") VALUES (?, ?, ?, ?, ?)  [["created_at", "2015-07-26 08:07:21.499995"], ["name", "Book 1"], ["price", 1000], ["published_on", "2015-06-26"], ["updated_at", "2015-07-26 08:07:21.499995"]]
  [1m[36m (2.5ms)[0m  [1mcommit transaction[0m
  [1m[35m (0.1ms)[0m  begin transaction
  [1m[36mSQL (16.8ms)[0m  [1mINSERT INTO "books" ("created_at", "name", "price", "published_on", "updated_at") VALUES (?, ?, ?, ?, ?)[0m  [["created_at", "2015-07-26 08:07:21.554524"], ["name", "Book 2"], ["price", 2000], ["published_on", "2015-05-26"], ["updated_at", "2015-07-26 08:07:21.554524"]]
  [1m[35m (14.4ms)[0m  commit transaction
  [1m[36m (0.1ms)[0m  [1mbegin transaction[0m
  [1m[35mSQL (23.5ms)[0m  INSERT INTO "books" ("created_at", "name", "price", "published_on", "updated_at") VALUES (?, ?, ?, ?, ?)  [["created_at", "2015-07-26 08:07:21.593081"], ["name", "Book 3"], ["price", 3000], ["published_on", "2015-04-26"], ["updated_at", "2015-07-26 08:07:21.593081"]]
  [1m[36m (20.5ms)[0m  [1mcommit transaction[0m
  [1m[35m (0.1ms)[0m  begin transaction
  [1m[36mSQL (16.7ms)[0m  [1mINSERT INTO "books" ("created_at", "name", "price", "published_on", "updated_at") VALUES (?, ?, ?, ?, ?)[0m  [["created_at", "2015-07-26 08:07:21.644813"], ["name", "Book 4"], ["price", 4000], ["published_on", "2015-03-26"], ["updated_at", "2015-07-26 08:07:21.644813"]]
  [1m[35m (2.1ms)[0m  commit transaction
  [1m[36m (0.1ms)[0m  [1mbegin transaction[0m
  [1m[35mSQL (4.0ms)[0m  INSERT INTO "books" ("created_at", "name", "price", "published_on", "updated_at") VALUES (?, ?, ?, ?, ?)  [["created_at", "2015-07-26 08:07:21.665613"], ["name", "Book 5"], ["price", 5000], ["published_on", "2015-02-26"], ["updated_at", "2015-07-26 08:07:21.665613"]]
  [1m[36m (3.7ms)[0m  [1mcommit transaction[0m
  [1m[35mBook Load (1.6ms)[0m  SELECT  "books".* FROM "books"  WHERE "books"."id" = ? LIMIT 1  [["id", 1]]
  [1m[36mBook Load (3.9ms)[0m  [1mSELECT  "books".* FROM "books"  WHERE "books"."name" = 'Book 3' LIMIT 1[0m
  [1m[35mBook Load (7.4ms)[0m  SELECT  "books".* FROM "books"  WHERE "books"."published_on" = '2015-03-26' LIMIT 1
  [1m[36mBook Load (7.5ms)[0m  [1mSELECT "books".* FROM "books"  WHERE (price > 2000)[0m
  [1m[36mBook Load (5.6ms)[0m  [1mSELECT "books".* FROM "books"  WHERE (price > 3000)[0m
  [1m[36mActiveRecord::SchemaMigration Load (2.0ms)[0m  [1mSELECT "schema_migrations".* FROM "schema_migrations"[0m
Migrating to CreatePublishers (20150726090031)
  [1m[35m (0.1ms)[0m  begin transaction
  [1m[36m (36.0ms)[0m  [1mCREATE TABLE "publishers" ("id" INTEGER PRIMARY KEY AUTOINCREMENT NOT NULL, "name" varchar(255), "address" text, "created_at" datetime, "updated_at" datetime) [0m
  [1m[35mSQL (7.6ms)[0m  INSERT INTO "schema_migrations" ("version") VALUES (?)  [["version", "20150726090031"]]
  [1m[36m (3.2ms)[0m  [1mcommit transaction[0m
Migrating to CreateAuthors (20150726090142)
  [1m[35m (0.1ms)[0m  begin transaction
  [1m[36m (26.9ms)[0m  [1mCREATE TABLE "authors" ("id" INTEGER PRIMARY KEY AUTOINCREMENT NOT NULL, "name" varchar(255), "penname" varchar(255), "created_at" datetime, "updated_at" datetime) [0m
  [1m[35mSQL (1.3ms)[0m  INSERT INTO "schema_migrations" ("version") VALUES (?)  [["version", "20150726090142"]]
  [1m[36m (13.4ms)[0m  [1mcommit transaction[0m
  [1m[35mActiveRecord::SchemaMigration Load (1.4ms)[0m  SELECT "schema_migrations".* FROM "schema_migrations"
  [1m[36m (0.2ms)[0m  [1mbegin transaction[0m
  [1m[35mSQL (4.6ms)[0m  INSERT INTO "publishers" ("address", "created_at", "name", "updated_at") VALUES (?, ?, ?, ?)  [["address", "Ichigaya"], ["created_at", "2015-07-26 10:07:18.758197"], ["name", "Gihyo inc."], ["updated_at", "2015-07-26 10:07:18.758197"]]
  [1m[36m (8.7ms)[0m  [1mcommit transaction[0m
  [1m[35mBook Load (1.2ms)[0m  SELECT  "books".* FROM "books"  WHERE "books"."id" = ? LIMIT 1  [["id", 1]]
  [1m[36m (0.1ms)[0m  [1mbegin transaction[0m
  [1m[35m (0.1ms)[0m  rollback transaction
  [1m[36mActiveRecord::SchemaMigration Load (1.3ms)[0m  [1mSELECT "schema_migrations".* FROM "schema_migrations"[0m
Migrating to AddPublisherIdToBooks (20150726090454)
  [1m[35m (0.1ms)[0m  begin transaction
  [1m[36m (5.1ms)[0m  [1mALTER TABLE "books" ADD "publisher_id" integer[0m
  [1m[35m (0.1ms)[0m  select sqlite_version(*)
  [1m[36m (0.3ms)[0m  [1mCREATE  INDEX "index_books_on_publisher_id" ON "books" ("publisher_id")[0m
  [1m[35mSQL (19.3ms)[0m  INSERT INTO "schema_migrations" ("version") VALUES (?)  [["version", "20150726090454"]]
  [1m[36m (33.7ms)[0m  [1mcommit transaction[0m
  [1m[35mActiveRecord::SchemaMigration Load (4.8ms)[0m  SELECT "schema_migrations".* FROM "schema_migrations"
  [1m[36m (5.0ms)[0m  [1m            SELECT sql
            FROM sqlite_master
            WHERE name='index_books_on_publisher_id' AND type='index'
            UNION ALL
            SELECT sql
            FROM sqlite_temp_master
            WHERE name='index_books_on_publisher_id' AND type='index'
[0m
  [1m[36m (0.1ms)[0m  [1mbegin transaction[0m
  [1m[35mSQL (31.4ms)[0m  INSERT INTO "publishers" ("address", "created_at", "name", "updated_at") VALUES (?, ?, ?, ?)  [["address", "Ichigaya"], ["created_at", "2015-07-26 10:14:53.008018"], ["name", "Gihyo inc"], ["updated_at", "2015-07-26 10:14:53.008018"]]
  [1m[36m (23.7ms)[0m  [1mcommit transaction[0m
  [1m[35mBook Load (0.9ms)[0m  SELECT  "books".* FROM "books"  WHERE "books"."id" = ? LIMIT 1  [["id", 1]]
  [1m[36m (0.1ms)[0m  [1mbegin transaction[0m
  [1m[35mSQL (24.0ms)[0m  UPDATE "books" SET "publisher_id" = ?, "updated_at" = ? WHERE "books"."id" = 1  [["publisher_id", 2], ["updated_at", "2015-07-26 10:15:41.980993"]]
  [1m[36m (12.3ms)[0m  [1mcommit transaction[0m
  [1m[35mBook Load (19.7ms)[0m  SELECT "books".* FROM "books"  WHERE "books"."publisher_id" = ?  [["publisher_id", 2]]
  [1m[36mActiveRecord::SchemaMigration Load (0.9ms)[0m  [1mSELECT "schema_migrations".* FROM "schema_migrations"[0m
Migrating to CreateBookAuthors (20150726103423)
  [1m[35m (0.1ms)[0m  begin transaction
  [1m[36m (35.0ms)[0m  [1mCREATE TABLE "book_authors" ("id" INTEGER PRIMARY KEY AUTOINCREMENT NOT NULL, "book_id" integer, "author_id" integer, "created_at" datetime, "updated_at" datetime) [0m
  [1m[35m (0.1ms)[0m  select sqlite_version(*)
  [1m[36m (0.1ms)[0m  [1mCREATE  INDEX "index_book_authors_on_book_id" ON "book_authors" ("book_id")[0m
  [1m[35m (0.1ms)[0m              SELECT sql
            FROM sqlite_master
            WHERE name='index_book_authors_on_book_id' AND type='index'
            UNION ALL
            SELECT sql
            FROM sqlite_temp_master
            WHERE name='index_book_authors_on_book_id' AND type='index'

  [1m[36m (0.2ms)[0m  [1mCREATE  INDEX "index_book_authors_on_author_id" ON "book_authors" ("author_id")[0m
  [1m[35mSQL (6.8ms)[0m  INSERT INTO "schema_migrations" ("version") VALUES (?)  [["version", "20150726103423"]]
  [1m[36m (28.3ms)[0m  [1mcommit transaction[0m
  [1m[35mActiveRecord::SchemaMigration Load (1.3ms)[0m  SELECT "schema_migrations".* FROM "schema_migrations"
  [1m[36m (6.5ms)[0m  [1m            SELECT sql
            FROM sqlite_master
            WHERE name='index_book_authors_on_author_id' AND type='index'
            UNION ALL
            SELECT sql
            FROM sqlite_temp_master
            WHERE name='index_book_authors_on_author_id' AND type='index'
[0m
  [1m[35m (1.2ms)[0m              SELECT sql
            FROM sqlite_master
            WHERE name='index_book_authors_on_book_id' AND type='index'
            UNION ALL
            SELECT sql
            FROM sqlite_temp_master
            WHERE name='index_book_authors_on_book_id' AND type='index'

  [1m[36m (0.7ms)[0m  [1m            SELECT sql
            FROM sqlite_master
            WHERE name='index_books_on_publisher_id' AND type='index'
            UNION ALL
            SELECT sql
            FROM sqlite_temp_master
            WHERE name='index_books_on_publisher_id' AND type='index'
[0m
  [1m[36m (0.1ms)[0m  [1mbegin transaction[0m
  [1m[35mSQL (7.1ms)[0m  INSERT INTO "authors" ("created_at", "name", "penname", "updated_at") VALUES (?, ?, ?, ?)  [["created_at", "2015-07-26 10:39:31.614102"], ["name", "Matsumoto Yukihiro"], ["penname", "Matz"], ["updated_at", "2015-07-26 10:39:31.614102"]]
  [1m[36m (14.6ms)[0m  [1mcommit transaction[0m
  [1m[35m (0.1ms)[0m  begin transaction
  [1m[36mSQL (38.1ms)[0m  [1mINSERT INTO "authors" ("created_at", "name", "penname", "updated_at") VALUES (?, ?, ?, ?)[0m  [["created_at", "2015-07-26 10:40:29.707004"], ["name", "David Heinemeier Hansson"], ["penname", "DHH"], ["updated_at", "2015-07-26 10:40:29.707004"]]
  [1m[35m (2.6ms)[0m  commit transaction
  [1m[36mBook Load (1.0ms)[0m  [1mSELECT  "books".* FROM "books"  WHERE "books"."id" = ? LIMIT 1[0m  [["id", 1]]
  [1m[35m (0.1ms)[0m  begin transaction
  [1m[36mSQL (17.8ms)[0m  [1mINSERT INTO "book_authors" ("author_id", "book_id", "created_at", "updated_at") VALUES (?, ?, ?, ?)[0m  [["author_id", 1], ["book_id", 1], ["created_at", "2015-07-26 10:40:54.188984"], ["updated_at", "2015-07-26 10:40:54.188984"]]
  [1m[35m (8.9ms)[0m  rollback transaction
  [1m[36mActiveRecord::SchemaMigration Load (0.9ms)[0m  [1mSELECT "schema_migrations".* FROM "schema_migrations"[0m
  [1m[35mActiveRecord::SchemaMigration Load (1.9ms)[0m  SELECT "schema_migrations".* FROM "schema_migrations"
  [1m[36m (1.2ms)[0m  [1m            SELECT sql
            FROM sqlite_master
            WHERE name='index_book_authors_on_author_id' AND type='index'
            UNION ALL
            SELECT sql
            FROM sqlite_temp_master
            WHERE name='index_book_authors_on_author_id' AND type='index'
[0m
  [1m[35m (0.8ms)[0m              SELECT sql
            FROM sqlite_master
            WHERE name='index_book_authors_on_book_id' AND type='index'
            UNION ALL
            SELECT sql
            FROM sqlite_temp_master
            WHERE name='index_book_authors_on_book_id' AND type='index'

  [1m[36m (0.8ms)[0m  [1m            SELECT sql
            FROM sqlite_master
            WHERE name='index_books_on_publisher_id' AND type='index'
            UNION ALL
            SELECT sql
            FROM sqlite_temp_master
            WHERE name='index_books_on_publisher_id' AND type='index'
[0m
  [1m[36m (0.1ms)[0m  [1mbegin transaction[0m
  [1m[35mSQL (39.8ms)[0m  INSERT INTO "authors" ("created_at", "name", "penname", "updated_at") VALUES (?, ?, ?, ?)  [["created_at", "2015-07-26 10:44:09.862308"], ["name", "Matsumoto Yukihiro"], ["penname", "Matz"], ["updated_at", "2015-07-26 10:44:09.862308"]]
  [1m[36m (6.2ms)[0m  [1mcommit transaction[0m
